-------------------------------------------------------------------------------
Test set: com.cellulant.manager.entity.IntegrationManagerApiApplicationTests
-------------------------------------------------------------------------------
Tests run: 1, Failures: 0, Errors: 1, Skipped: 0, Time elapsed: 0.562 s <<< FAILURE! - in com.cellulant.manager.entity.IntegrationManagerApiApplicationTests
com.cellulant.manager.entity.IntegrationManagerApiApplicationTests  Time elapsed: 0.561 s  <<< ERROR!
java.lang.IllegalStateException: Unable to find a @SpringBootConfiguration, you need to use @ContextConfiguration or @SpringBootTest(classes=...) with your test

